CRITICAL - 2022-06-24 08:48:21 --> Invalid file: delete.php
#0 C:\wamp\www\ativ\system\View\View.php(198): CodeIgniter\Exceptions\FrameworkException::forInvalidFile('delete.php')
#1 C:\wamp\www\ativ\system\Common.php(1089): CodeIgniter\View\View->render('delete', Array, true)
#2 C:\wamp\www\ativ\app\Controllers\Main.php(106): view('delete', Array)
#3 C:\wamp\www\ativ\system\CodeIgniter.php(832): App\Controllers\Main->deleteJob('9')
#4 C:\wamp\www\ativ\system\CodeIgniter.php(419): CodeIgniter\CodeIgniter->runController(Object(App\Controllers\Main))
#5 C:\wamp\www\ativ\system\CodeIgniter.php(326): CodeIgniter\CodeIgniter->handleRequest(NULL, Object(Config\Cache), false)
#6 C:\wamp\www\ativ\public\index.php(37): CodeIgniter\CodeIgniter->run()
#7 {main}
CRITICAL - 2022-06-24 09:16:35 --> syntax error, unexpected '}', expecting ';'
#0 C:\wamp\www\ativ\system\Router\Router.php(175): CodeIgniter\Router\Router->autoRoute('main/deleteJobC...')
#1 C:\wamp\www\ativ\system\CodeIgniter.php(726): CodeIgniter\Router\Router->handle('main/deleteJobC...')
#2 C:\wamp\www\ativ\system\CodeIgniter.php(368): CodeIgniter\CodeIgniter->tryToRouteIt(Object(CodeIgniter\Router\RouteCollection))
#3 C:\wamp\www\ativ\system\CodeIgniter.php(326): CodeIgniter\CodeIgniter->handleRequest(NULL, Object(Config\Cache), false)
#4 C:\wamp\www\ativ\public\index.php(37): CodeIgniter\CodeIgniter->run()
#5 {main}
CRITICAL - 2022-06-24 09:16:39 --> syntax error, unexpected '}', expecting ';'
#0 C:\wamp\www\ativ\system\Router\Router.php(175): CodeIgniter\Router\Router->autoRoute('main/deleteJob/...')
#1 C:\wamp\www\ativ\system\CodeIgniter.php(726): CodeIgniter\Router\Router->handle('main/deleteJob/...')
#2 C:\wamp\www\ativ\system\CodeIgniter.php(368): CodeIgniter\CodeIgniter->tryToRouteIt(Object(CodeIgniter\Router\RouteCollection))
#3 C:\wamp\www\ativ\system\CodeIgniter.php(326): CodeIgniter\CodeIgniter->handleRequest(NULL, Object(Config\Cache), false)
#4 C:\wamp\www\ativ\public\index.php(37): CodeIgniter\CodeIgniter->run()
#5 {main}
CRITICAL - 2022-06-24 09:16:39 --> syntax error, unexpected '}', expecting ';'
#0 C:\wamp\www\ativ\system\Router\Router.php(175): CodeIgniter\Router\Router->autoRoute('/')
#1 C:\wamp\www\ativ\system\CodeIgniter.php(726): CodeIgniter\Router\Router->handle('/')
#2 C:\wamp\www\ativ\system\CodeIgniter.php(368): CodeIgniter\CodeIgniter->tryToRouteIt(Object(CodeIgniter\Router\RouteCollection))
#3 C:\wamp\www\ativ\system\CodeIgniter.php(326): CodeIgniter\CodeIgniter->handleRequest(NULL, Object(Config\Cache), false)
#4 C:\wamp\www\ativ\public\index.php(37): CodeIgniter\CodeIgniter->run()
#5 {main}
CRITICAL - 2022-06-24 09:16:41 --> syntax error, unexpected '}', expecting ';'
#0 C:\wamp\www\ativ\system\Router\Router.php(175): CodeIgniter\Router\Router->autoRoute('/')
#1 C:\wamp\www\ativ\system\CodeIgniter.php(726): CodeIgniter\Router\Router->handle('/')
#2 C:\wamp\www\ativ\system\CodeIgniter.php(368): CodeIgniter\CodeIgniter->tryToRouteIt(Object(CodeIgniter\Router\RouteCollection))
#3 C:\wamp\www\ativ\system\CodeIgniter.php(326): CodeIgniter\CodeIgniter->handleRequest(NULL, Object(Config\Cache), false)
#4 C:\wamp\www\ativ\public\index.php(37): CodeIgniter\CodeIgniter->run()
#5 {main}
